2026-04-08T18:38:09.815-05:00  INFO 6684 --- [DOSW-ParcialT2] [main] edu.dosw.parcial.Application             : Starting Application using Java 21.0.2 with PID 6684 (C:\Users\JUAN.VMEDINA\DOSW_ParcialT2_JuanVillegas\target\classes started by JUAN.VMEDINA in C:\Users\JUAN.VMEDINA\DOSW_ParcialT2_JuanVillegas)
2026-04-08T18:38:09.818-05:00  INFO 6684 --- [DOSW-ParcialT2] [main] edu.dosw.parcial.Application             : No active profile set, falling back to 1 default profile: "default"
2026-04-08T18:38:10.741-05:00  INFO 6684 --- [DOSW-ParcialT2] [main] .s.d.r.c.RepositoryConfigurationDelegate : Bootstrapping Spring Data JPA repositories in DEFAULT mode.
2026-04-08T18:38:10.839-05:00  INFO 6684 --- [DOSW-ParcialT2] [main] .s.d.r.c.RepositoryConfigurationDelegate : Finished Spring Data repository scanning in 74 ms. Found 5 JPA repository interfaces.
2026-04-08T18:38:11.463-05:00  INFO 6684 --- [DOSW-ParcialT2] [main] o.s.b.w.embedded.tomcat.TomcatWebServer  : Tomcat initialized with port 8080 (http)
2026-04-08T18:38:11.490-05:00  INFO 6684 --- [DOSW-ParcialT2] [main] o.apache.catalina.core.StandardService   : Starting service [Tomcat]
2026-04-08T18:38:11.491-05:00  INFO 6684 --- [DOSW-ParcialT2] [main] o.apache.catalina.core.StandardEngine    : Starting Servlet engine: [Apache Tomcat/10.1.53]
2026-04-08T18:38:11.583-05:00  INFO 6684 --- [DOSW-ParcialT2] [main] o.a.c.c.C.[Tomcat].[localhost].[/]       : Initializing Spring embedded WebApplicationContext
2026-04-08T18:38:11.584-05:00  INFO 6684 --- [DOSW-ParcialT2] [main] w.s.c.ServletWebServerApplicationContext : Root WebApplicationContext: initialization completed in 1714 ms
2026-04-08T18:38:11.883-05:00  INFO 6684 --- [DOSW-ParcialT2] [main] o.hibernate.jpa.internal.util.LogHelper  : HHH000204: Processing PersistenceUnitInfo [name: default]
2026-04-08T18:38:11.986-05:00  INFO 6684 --- [DOSW-ParcialT2] [main] org.hibernate.Version                    : HHH000412: Hibernate ORM core version 6.6.45.Final
2026-04-08T18:38:12.034-05:00  INFO 6684 --- [DOSW-ParcialT2] [main] o.h.c.internal.RegionFactoryInitiator    : HHH000026: Second-level cache disabled
2026-04-08T18:38:12.354-05:00  INFO 6684 --- [DOSW-ParcialT2] [main] o.s.o.j.p.SpringPersistenceUnitInfo      : No LoadTimeWeaver setup: ignoring JPA class transformer
2026-04-08T18:38:12.400-05:00  INFO 6684 --- [DOSW-ParcialT2] [main] com.zaxxer.hikari.HikariDataSource       : HikariPool-1 - Starting...
2026-04-08T18:38:12.607-05:00  INFO 6684 --- [DOSW-ParcialT2] [main] com.zaxxer.hikari.pool.HikariPool        : HikariPool-1 - Added connection org.postgresql.jdbc.PgConnection@56266bda
2026-04-08T18:38:12.609-05:00  INFO 6684 --- [DOSW-ParcialT2] [main] com.zaxxer.hikari.HikariDataSource       : HikariPool-1 - Start completed.
2026-04-08T18:38:12.643-05:00  WARN 6684 --- [DOSW-ParcialT2] [main] org.hibernate.orm.deprecation            : HHH90000025: PostgreSQLDialect does not need to be specified explicitly using 'hibernate.dialect' (remove the property setting and it will be selected by default)
2026-04-08T18:38:12.669-05:00  INFO 6684 --- [DOSW-ParcialT2] [main] org.hibernate.orm.connections.pooling    : HHH10001005: Database info:
	Database JDBC URL [Connecting through datasource 'HikariDataSource (HikariPool-1)']
	Database driver: undefined/unknown
	Database version: 18.3
	Autocommit mode: undefined/unknown
	Isolation level: undefined/unknown
	Minimum pool size: undefined/unknown
	Maximum pool size: undefined/unknown
2026-04-08T18:38:13.706-05:00  INFO 6684 --- [DOSW-ParcialT2] [main] o.h.e.t.j.p.i.JtaPlatformInitiator       : HHH000489: No JTA platform available (set 'hibernate.transaction.jta.platform' to enable JTA platform integration)
2026-04-08T18:38:13.829-05:00  INFO 6684 --- [DOSW-ParcialT2] [main] j.LocalContainerEntityManagerFactoryBean : Initialized JPA EntityManagerFactory for persistence unit 'default'
2026-04-08T18:38:14.320-05:00  WARN 6684 --- [DOSW-ParcialT2] [main] JpaBaseConfiguration$JpaWebConfiguration : spring.jpa.open-in-view is enabled by default. Therefore, database queries may be performed during view rendering. Explicitly configure spring.jpa.open-in-view to disable this warning
2026-04-08T18:38:14.962-05:00  INFO 6684 --- [DOSW-ParcialT2] [main] o.s.b.w.embedded.tomcat.TomcatWebServer  : Tomcat started on port 8080 (http) with context path '/'
2026-04-08T18:38:14.972-05:00  INFO 6684 --- [DOSW-ParcialT2] [main] edu.dosw.parcial.Application             : Started Application in 5.619 seconds (process running for 5.941)
2026-04-08T18:38:44.086-05:00  INFO 6684 --- [DOSW-ParcialT2] [http-nio-8080-exec-1] o.a.c.c.C.[Tomcat].[localhost].[/]       : Initializing Spring DispatcherServlet 'dispatcherServlet'
2026-04-08T18:38:44.087-05:00  INFO 6684 --- [DOSW-ParcialT2] [http-nio-8080-exec-1] o.s.web.servlet.DispatcherServlet        : Initializing Servlet 'dispatcherServlet'
2026-04-08T18:38:44.088-05:00  INFO 6684 --- [DOSW-ParcialT2] [http-nio-8080-exec-1] o.s.web.servlet.DispatcherServlet        : Completed initialization in 1 ms
2026-04-08T18:44:37.021-05:00  INFO 6684 --- [DOSW-ParcialT2] [http-nio-8080-exec-4] e.d.parcial.service.ComputadorService    : Consulta de computador por id 1 ejecutada por rol ADMINISTRADOR
2026-04-08T18:55:52.008-05:00  INFO 12472 --- [DOSW-ParcialT2] [main] edu.dosw.parcial.Application             : Starting Application using Java 21.0.2 with PID 12472 (C:\Users\JUAN.VMEDINA\DOSW_ParcialT2_JuanVillegas\target\classes started by JUAN.VMEDINA in C:\Users\JUAN.VMEDINA\DOSW_ParcialT2_JuanVillegas)
2026-04-08T18:55:52.013-05:00  INFO 12472 --- [DOSW-ParcialT2] [main] edu.dosw.parcial.Application             : No active profile set, falling back to 1 default profile: "default"
2026-04-08T18:55:52.651-05:00  INFO 12472 --- [DOSW-ParcialT2] [main] .s.d.r.c.RepositoryConfigurationDelegate : Bootstrapping Spring Data JPA repositories in DEFAULT mode.
2026-04-08T18:55:52.710-05:00  INFO 12472 --- [DOSW-ParcialT2] [main] .s.d.r.c.RepositoryConfigurationDelegate : Finished Spring Data repository scanning in 52 ms. Found 5 JPA repository interfaces.
2026-04-08T18:55:53.119-05:00  INFO 12472 --- [DOSW-ParcialT2] [main] o.s.b.w.embedded.tomcat.TomcatWebServer  : Tomcat initialized with port 8080 (http)
2026-04-08T18:55:53.130-05:00  INFO 12472 --- [DOSW-ParcialT2] [main] o.apache.catalina.core.StandardService   : Starting service [Tomcat]
2026-04-08T18:55:53.130-05:00  INFO 12472 --- [DOSW-ParcialT2] [main] o.apache.catalina.core.StandardEngine    : Starting Servlet engine: [Apache Tomcat/10.1.53]
2026-04-08T18:55:53.181-05:00  INFO 12472 --- [DOSW-ParcialT2] [main] o.a.c.c.C.[Tomcat].[localhost].[/]       : Initializing Spring embedded WebApplicationContext
2026-04-08T18:55:53.181-05:00  INFO 12472 --- [DOSW-ParcialT2] [main] w.s.c.ServletWebServerApplicationContext : Root WebApplicationContext: initialization completed in 1127 ms
2026-04-08T18:55:53.311-05:00  INFO 12472 --- [DOSW-ParcialT2] [main] o.hibernate.jpa.internal.util.LogHelper  : HHH000204: Processing PersistenceUnitInfo [name: default]
2026-04-08T18:55:53.357-05:00  INFO 12472 --- [DOSW-ParcialT2] [main] org.hibernate.Version                    : HHH000412: Hibernate ORM core version 6.6.45.Final
2026-04-08T18:55:53.383-05:00  INFO 12472 --- [DOSW-ParcialT2] [main] o.h.c.internal.RegionFactoryInitiator    : HHH000026: Second-level cache disabled
2026-04-08T18:55:53.576-05:00  INFO 12472 --- [DOSW-ParcialT2] [main] o.s.o.j.p.SpringPersistenceUnitInfo      : No LoadTimeWeaver setup: ignoring JPA class transformer
2026-04-08T18:55:53.596-05:00  INFO 12472 --- [DOSW-ParcialT2] [main] com.zaxxer.hikari.HikariDataSource       : HikariPool-1 - Starting...
2026-04-08T18:55:53.722-05:00  INFO 12472 --- [DOSW-ParcialT2] [main] com.zaxxer.hikari.pool.HikariPool        : HikariPool-1 - Added connection org.postgresql.jdbc.PgConnection@78bad03b
2026-04-08T18:55:53.723-05:00  INFO 12472 --- [DOSW-ParcialT2] [main] com.zaxxer.hikari.HikariDataSource       : HikariPool-1 - Start completed.
2026-04-08T18:55:53.744-05:00  WARN 12472 --- [DOSW-ParcialT2] [main] org.hibernate.orm.deprecation            : HHH90000025: PostgreSQLDialect does not need to be specified explicitly using 'hibernate.dialect' (remove the property setting and it will be selected by default)
2026-04-08T18:55:53.766-05:00  INFO 12472 --- [DOSW-ParcialT2] [main] org.hibernate.orm.connections.pooling    : HHH10001005: Database info:
	Database JDBC URL [Connecting through datasource 'HikariDataSource (HikariPool-1)']
	Database driver: undefined/unknown
	Database version: 18.3
	Autocommit mode: undefined/unknown
	Isolation level: undefined/unknown
	Minimum pool size: undefined/unknown
	Maximum pool size: undefined/unknown
2026-04-08T18:55:54.551-05:00  INFO 12472 --- [DOSW-ParcialT2] [main] o.h.e.t.j.p.i.JtaPlatformInitiator       : HHH000489: No JTA platform available (set 'hibernate.transaction.jta.platform' to enable JTA platform integration)
2026-04-08T18:55:54.650-05:00  INFO 12472 --- [DOSW-ParcialT2] [main] j.LocalContainerEntityManagerFactoryBean : Initialized JPA EntityManagerFactory for persistence unit 'default'
2026-04-08T18:55:54.980-05:00  WARN 12472 --- [DOSW-ParcialT2] [main] JpaBaseConfiguration$JpaWebConfiguration : spring.jpa.open-in-view is enabled by default. Therefore, database queries may be performed during view rendering. Explicitly configure spring.jpa.open-in-view to disable this warning
2026-04-08T18:55:55.385-05:00  WARN 12472 --- [DOSW-ParcialT2] [main] ConfigServletWebServerApplicationContext : Exception encountered during context initialization - cancelling refresh attempt: org.springframework.context.ApplicationContextException: Failed to start bean 'webServerStartStop'
2026-04-08T18:55:55.388-05:00  INFO 12472 --- [DOSW-ParcialT2] [main] j.LocalContainerEntityManagerFactoryBean : Closing JPA EntityManagerFactory for persistence unit 'default'
2026-04-08T18:55:55.390-05:00  INFO 12472 --- [DOSW-ParcialT2] [main] com.zaxxer.hikari.HikariDataSource       : HikariPool-1 - Shutdown initiated...
2026-04-08T18:55:55.396-05:00  INFO 12472 --- [DOSW-ParcialT2] [main] com.zaxxer.hikari.HikariDataSource       : HikariPool-1 - Shutdown completed.
2026-04-08T18:55:55.410-05:00  INFO 12472 --- [DOSW-ParcialT2] [main] .s.b.a.l.ConditionEvaluationReportLogger : 

Error starting ApplicationContext. To display the condition evaluation report re-run your application with 'debug' enabled.
2026-04-08T18:55:55.436-05:00 ERROR 12472 --- [DOSW-ParcialT2] [main] o.s.b.d.LoggingFailureAnalysisReporter   : 

***************************
APPLICATION FAILED TO START
***************************

Description:

Web server failed to start. Port 8080 was already in use.

Action:

Identify and stop the process that's listening on port 8080 or configure this application to listen on another port.

